nohup: ignoring input
2025/05/22 11:28:03 logtail started
2025/05/22 11:28:03 Program starting: v1.84.0-t160c11f37-gbf6042458, Go 1.24.2: []string{"tailscaled", "--tun=userspace-networking"}
2025/05/22 11:28:03 LogID: 23f4ca5fe411bb45f7f51428ab2281bd66630971459ae18b596d04de1d415c01
2025/05/22 11:28:03 logpolicy: using system state directory "/var/lib/tailscale"
logpolicy.ConfigFromFile /var/lib/tailscale/tailscaled.log.conf: open /var/lib/tailscale/tailscaled.log.conf: no such file or directory
logpolicy.Config.Validate for /var/lib/tailscale/tailscaled.log.conf: config is nil
2025/05/22 11:28:03 dns: [rc=unknown ret=direct]
2025/05/22 11:28:03 dns: using "direct" mode
2025/05/22 11:28:03 dns: using *dns.directManager
2025/05/22 11:28:03 dns: inotify: NewDirWatcher: context canceled
2025/05/22 11:28:03 wgengine.NewUserspaceEngine(tun "userspace-networking") ...
2025/05/22 11:28:03 dns: using dns.noopManager
2025/05/22 11:28:03 link state: interfaces.State{defaultRoute=eth0 ifs={docker0:[172.17.0.1/16] eth0:[10.1.79.246/32]} v4=true v6=false}
2025/05/22 11:28:03 onPortUpdate(port=56213, network=udp6)
2025/05/22 11:28:03 magicsock: [warning] failed to force-set UDP read buffer size to 7340032: operation not permitted; using kernel default values (impacts throughput only)
2025/05/22 11:28:03 magicsock: [warning] failed to force-set UDP write buffer size to 7340032: operation not permitted; using kernel default values (impacts throughput only)
2025/05/22 11:28:03 onPortUpdate(port=51900, network=udp4)
2025/05/22 11:28:03 magicsock: [warning] failed to force-set UDP read buffer size to 7340032: operation not permitted; using kernel default values (impacts throughput only)
2025/05/22 11:28:03 magicsock: [warning] failed to force-set UDP write buffer size to 7340032: operation not permitted; using kernel default values (impacts throughput only)
2025/05/22 11:28:03 magicsock: disco key = d:43a206870014d40d
2025/05/22 11:28:03 Creating WireGuard device...
2025/05/22 11:28:03 Bringing WireGuard device up...
2025/05/22 11:28:03 Bringing router up...
2025/05/22 11:28:03 Clearing router settings...
2025/05/22 11:28:03 Starting network monitor...
2025/05/22 11:28:03 Engine created.
2025/05/22 11:28:03 pm: migrating "_daemon" profile to new format
2025/05/22 11:28:03 logpolicy: using system state directory "/var/lib/tailscale"
2025/05/22 11:28:03 got LocalBackend in 5ms
2025/05/22 11:28:03 Start
2025/05/22 11:28:03 ipnext: active extensions: relayserver, taildrop
2025/05/22 11:28:03 Backend: logs: be:23f4ca5fe411bb45f7f51428ab2281bd66630971459ae18b596d04de1d415c01 fe:
2025/05/22 11:28:03 Switching ipn state NoState -> NeedsLogin (WantRunning=false, nm=false)
2025/05/22 11:28:03 blockEngineUpdates(true)
2025/05/22 11:28:03 health(warnable=wantrunning-false): error: Tailscale is stopped.
2025/05/22 11:28:03 wgengine: Reconfig: configuring userspace WireGuard config (with 0/0 peers)
2025/05/22 11:28:03 wgengine: Reconfig: configuring router
2025/05/22 11:28:03 wgengine: Reconfig: user dialer
2025/05/22 11:28:03 wgengine: Reconfig: configuring DNS
2025/05/22 11:28:03 dns: Set: {DefaultResolvers:[] Routes:{} SearchDomains:[] Hosts:0}
2025/05/22 11:28:03 dns: Resolvercfg: {Routes:{} Hosts:0 LocalDomains:[]}
2025/05/22 11:28:03 dns: OScfg: {}
2025/05/22 11:28:09 Start
2025/05/22 11:28:09 generating new machine key
2025/05/22 11:28:10 machine key written to store
2025/05/22 11:28:10 Backend: logs: be:23f4ca5fe411bb45f7f51428ab2281bd66630971459ae18b596d04de1d415c01 fe:
2025/05/22 11:28:10 Switching ipn state NoState -> NeedsLogin (WantRunning=true, nm=false)
2025/05/22 11:28:10 blockEngineUpdates(true)
2025/05/22 11:28:10 health(warnable=warming-up): error: Tailscale is starting. Please wait.
2025/05/22 11:28:10 control: client.Shutdown ...
2025/05/22 11:28:10 control: mapRoutine: exiting
2025/05/22 11:28:10 health(warnable=wantrunning-false): ok
2025/05/22 11:28:10 control: authRoutine: exiting
2025/05/22 11:28:10 control: updateRoutine: exiting
2025/05/22 11:28:10 control: Client.Shutdown done.
2025/05/22 11:28:10 StartLoginInteractiveAs("root"): url=false
2025/05/22 11:28:10 control: client.Login(2)
2025/05/22 11:28:10 control: LoginInteractive -> regen=true
2025/05/22 11:28:10 control: doLogin(regen=true, hasUrl=false)
2025/05/22 11:28:10 control: control server key from https://controlplane.tailscale.com: ts2021=[fSeS+], legacy=[nlFWp]
2025/05/22 11:28:10 control: Generating a new nodekey.
2025/05/22 11:28:10 control: RegisterReq: onode= node=[LK8t2] fup=false nks=false
2025/05/22 11:28:10 control: RegisterReq: got response; nodeKeyExpired=false, machineAuthorized=false; authURL=true
2025/05/22 11:28:10 control: AuthURL is https://login.tailscale.com/a/1a32de5b01114d
2025/05/22 11:28:10 control: doLogin(regen=false, hasUrl=true)
2025/05/22 11:28:10 Received auth URL: https://login.tailsc...
2025/05/22 11:28:10 popBrowserAuthNow("root"): url=true, key-expired=false, seamless-key-renewal=false
2025/05/22 11:28:10 control: RegisterReq: onode= node=[LK8t2] fup=true nks=false
2025/05/22 11:28:10 blockEngineUpdates(true)
2025/05/22 11:28:10 stopEngineAndWait...
2025/05/22 11:28:10 requestEngineStatusAndWait
2025/05/22 11:28:10 requestEngineStatusAndWait: waiting...
2025/05/22 11:28:10 requestEngineStatusAndWait: got status update.
2025/05/22 11:28:10 stopEngineAndWait: done.
2025/05/22 11:28:15 health(warnable=warming-up): ok
2025/05/22 11:28:26 control: RegisterReq: got response; nodeKeyExpired=false, machineAuthorized=true; authURL=false
2025/05/22 11:28:26 blockEngineUpdates(false)
2025/05/22 11:28:27 health(warnable=not-in-map-poll): ok
2025/05/22 11:28:27 control: netmap: got new dial plan from control
2025/05/22 11:28:27 using tailnet default auto-update setting: true
2025/05/22 11:28:27 EditPrefs: MaskedPrefs{AutoUpdate={Apply=true}}
2025/05/22 11:28:27 offline auto-update: starting update checks
2025/05/22 11:28:27 active login: hamish.hall@doubleword.ai
2025/05/22 11:28:27 Switching ipn state NeedsLogin -> Starting (WantRunning=true, nm=true)
2025/05/22 11:28:27 magicsock: SetPrivateKey called (init)
2025/05/22 11:28:27 wgengine: Reconfig: configuring userspace WireGuard config (with 0/64 peers)
2025/05/22 11:28:27 wgengine: Reconfig: starting up network logger (node:6a8d7f4b7a6f71efe0c291404bfd12a12289587a5265d50a6f519f577ee08b8b tailnet:7b2772dfd8eb049bf2c17a595bbb763d48217e95bc4803641e852234c9ac30ea)
2025/05/22 11:28:27 wgengine: Reconfig: configuring router
2025/05/22 11:28:27 wgengine: Reconfig: user dialer
2025/05/22 11:28:27 tsdial: bart table size: 67
2025/05/22 11:28:27 wgengine: Reconfig: configuring DNS
2025/05/22 11:28:27 dns: Set: {DefaultResolvers:[] Routes:{tail5ef35.ts.net.:[] ts.net.:[199.247.155.53 2620:111:8007::53]}+65arpa SearchDomains:[tail5ef35.ts.net.] Hosts:88}
2025/05/22 11:28:27 health(warnable=dns): error: getting OS base config is not supported
2025/05/22 11:28:27 peerapi: serving on http://100.70.19.41:61854
2025/05/22 11:28:27 peerapi: serving on http://[fd7a:115c:a1e0::e401:132c]:61854
2025/05/22 11:28:27 health(warnable=dns-read-os-config-failed): error: Tailscale failed to fetch the DNS configuration of your device: getting OS base config is not supported
2025/05/22 11:28:27 magicsock: home DERP changing from derp-0 [0ms] to derp-8 [2ms]
2025/05/22 11:28:27 magicsock: home is now derp-8 (lhr)
2025/05/22 11:28:27 health(warnable=no-derp-home): ok
2025/05/22 11:28:27 magicsock: adding connection to derp-8 for home-keep-alive
2025/05/22 11:28:27 magicsock: 1 active derp conns: derp-8=cr0s,wr0s
2025/05/22 11:28:27 derphttp.Client.Connect: connecting to derp-8 (lhr)
2025/05/22 11:28:27 control: NetInfo: NetInfo{varies=true hairpin= ipv6=false ipv6os=true udp=true icmpv4=false derp=#8 portmap= link="" firewallmode=""}
2025/05/22 11:28:27 magicsock: endpoints changed: 79.98.166.164:29381 (stun), 10.1.79.246:51900 (local), 172.17.0.1:51900 (local)
2025/05/22 11:28:27 offline auto-update: stopping update checks
2025/05/22 11:28:27 Switching ipn state Starting -> Running (WantRunning=true, nm=true)
2025/05/22 11:28:27 magicsock: derp-8 connected; connGen=1
2025/05/22 11:28:27 health(warnable=no-derp-connection): ok
2025/05/22 11:30:07 Received error: PollNetMap: unexpected EOF
2025/05/22 11:30:07 control: controlhttp: forcing port 443 dial due to recent noise dial
2025/05/22 11:30:11 control: netmap: got new dial plan from control
2025/05/22 11:33:04 resetDialPlan: did reset
2025/05/22 11:33:04 active login: 
2025/05/22 11:33:04 Switching ipn state Running -> NoState (WantRunning=false, nm=false)
2025/05/22 11:33:04 health(warnable=wantrunning-false): error: Tailscale is stopped.
2025/05/22 11:33:04 magicsock: SetPrivateKey called (zeroed)
2025/05/22 11:33:04 magicsock: closing connection to derp-8 (zero-private-key), age 4m37s
2025/05/22 11:33:04 magicsock: 0 active derp conns
2025/05/22 11:33:04 wgengine: Reconfig: configuring userspace WireGuard config (with 0/0 peers)
2025/05/22 11:33:04 wgengine: Reconfig: configuring router
2025/05/22 11:33:04 wgengine: Reconfig: user dialer
2025/05/22 11:33:04 wgengine: Reconfig: configuring DNS
2025/05/22 11:33:04 dns: Set: {DefaultResolvers:[] Routes:{} SearchDomains:[] Hosts:0}
2025/05/22 11:33:04 dns: Resolvercfg: {Routes:{} Hosts:0 LocalDomains:[]}
2025/05/22 11:33:04 dns: OScfg: {}
2025/05/22 11:33:04 wgengine: Reconfig: shutting down network logger
2025/05/22 11:33:04 Start
2025/05/22 11:33:04 Backend: logs: be:23f4ca5fe411bb45f7f51428ab2281bd66630971459ae18b596d04de1d415c01 fe:
2025/05/22 11:33:04 Switching ipn state NoState -> NeedsLogin (WantRunning=false, nm=false)
2025/05/22 11:33:04 blockEngineUpdates(true)
2025/05/22 11:33:04 health(warnable=wantrunning-false): error: Tailscale is stopped.
2025/05/22 11:33:04 control: client.Shutdown ...
2025/05/22 11:33:04 control: authRoutine: exiting
2025/05/22 11:33:04 control: updateRoutine: exiting
2025/05/22 11:33:04 control: mapRoutine: exiting
2025/05/22 11:33:04 health(warnable=no-derp-connection): ok
2025/05/22 11:33:04 control: Client.Shutdown done.
2025/05/22 11:33:04 Start
2025/05/22 11:33:04 Backend: logs: be:23f4ca5fe411bb45f7f51428ab2281bd66630971459ae18b596d04de1d415c01 fe:
2025/05/22 11:33:04 Switching ipn state NoState -> NeedsLogin (WantRunning=true, nm=false)
2025/05/22 11:33:04 blockEngineUpdates(true)
2025/05/22 11:33:04 health(warnable=warming-up): error: Tailscale is starting. Please wait.
2025/05/22 11:33:04 health(warnable=dns): ok
2025/05/22 11:33:04 health(warnable=wantrunning-false): ok
2025/05/22 11:33:04 health(warnable=no-derp-connection): ok
2025/05/22 11:33:04 control: client.Shutdown ...
2025/05/22 11:33:04 control: authRoutine: exiting
2025/05/22 11:33:04 control: updateRoutine: exiting
2025/05/22 11:33:04 control: mapRoutine: exiting
2025/05/22 11:33:04 control: Client.Shutdown done.
2025/05/22 11:33:04 StartLoginInteractiveAs("root"): url=false
2025/05/22 11:33:04 control: client.Login(2)
2025/05/22 11:33:04 control: LoginInteractive -> regen=true
2025/05/22 11:33:04 control: doLogin(regen=true, hasUrl=false)
2025/05/22 11:33:04 control: control server key from https://controlplane.tailscale.com: ts2021=[fSeS+], legacy=[nlFWp]
2025/05/22 11:33:04 control: Generating a new nodekey.
2025/05/22 11:33:04 control: RegisterReq: onode= node=[l4pEz] fup=false nks=false
2025/05/22 11:33:07 control: RegisterReq: got response; nodeKeyExpired=false, machineAuthorized=false; authURL=true
2025/05/22 11:33:07 control: AuthURL is https://login.tailscale.com/a/1ec5f145018bb3
2025/05/22 11:33:07 control: doLogin(regen=false, hasUrl=true)
2025/05/22 11:33:07 control: RegisterReq: onode= node=[l4pEz] fup=true nks=false
2025/05/22 11:33:07 Received auth URL: https://login.tailsc...
2025/05/22 11:33:07 popBrowserAuthNow("root"): url=true, key-expired=false, seamless-key-renewal=false
2025/05/22 11:33:07 blockEngineUpdates(true)
2025/05/22 11:33:07 stopEngineAndWait...
2025/05/22 11:33:07 requestEngineStatusAndWait
2025/05/22 11:33:07 requestEngineStatusAndWait: waiting...
2025/05/22 11:33:07 health(warnable=no-derp-connection): ok
2025/05/22 11:33:07 requestEngineStatusAndWait: got status update.
2025/05/22 11:33:07 stopEngineAndWait: done.
2025/05/22 11:33:07 health(warnable=no-derp-connection): ok
2025/05/22 11:33:07 [RATELIMIT] format("health(warnable=%s): ok")
2025/05/22 11:33:14 health(warnable=no-derp-connection): error: Tailscale could not connect to the 'London' relay server. Your Internet connection might be down, or the server might be temporarily unavailable.
2025/05/22 11:33:14 health(warnable=no-derp-connection): error: Tailscale could not connect to the 'London' relay server. Your Internet connection might be down, or the server might be temporarily unavailable.
2025/05/22 11:33:14 health(warnable=no-derp-connection): error: Tailscale could not connect to the 'London' relay server. Your Internet connection might be down, or the server might be temporarily unavailable.
2025/05/22 11:33:14 control: RegisterReq: got response; nodeKeyExpired=false, machineAuthorized=true; authURL=false
2025/05/22 11:33:14 blockEngineUpdates(false)
2025/05/22 11:33:15 [RATELIMIT] format("health(warnable=%s): ok") (3 dropped)
2025/05/22 11:33:15 health(warnable=not-in-map-poll): ok
2025/05/22 11:33:15 control: netmap: got new dial plan from control
2025/05/22 11:33:15 using tailnet default auto-update setting: true
2025/05/22 11:33:15 EditPrefs: MaskedPrefs{AutoUpdate={Apply=true}}
2025/05/22 11:33:15 offline auto-update: starting update checks
2025/05/22 11:33:15 active login: hamish.hall@doubleword.ai
2025/05/22 11:33:15 Switching ipn state NeedsLogin -> Starting (WantRunning=true, nm=true)
2025/05/22 11:33:15 magicsock: SetPrivateKey called (init)
2025/05/22 11:33:15 magicsock: private key changed, reconnecting to home derp-8
2025/05/22 11:33:15 wgengine: Reconfig: configuring userspace WireGuard config (with 0/64 peers)
2025/05/22 11:33:15 magicsock: adding connection to derp-8 for home-keep-alive
2025/05/22 11:33:15 magicsock: 1 active derp conns: derp-8=cr0s,wr0s
2025/05/22 11:33:15 derphttp.Client.Recv: connecting to derp-8 (lhr)
2025/05/22 11:33:15 wgengine: Reconfig: starting up network logger (node:6a8d7f4b7a6f71efe0c291404bfd12a12289587a5265d50a6f519f577ee08b8b tailnet:7b2772dfd8eb049bf2c17a595bbb763d48217e95bc4803641e852234c9ac30ea)
2025/05/22 11:33:15 wgengine: Reconfig: configuring router
2025/05/22 11:33:15 wgengine: Reconfig: user dialer
2025/05/22 11:33:15 tsdial: bart table size: 67
2025/05/22 11:33:15 wgengine: Reconfig: configuring DNS
2025/05/22 11:33:15 dns: Set: {DefaultResolvers:[] Routes:{tail5ef35.ts.net.:[] ts.net.:[199.247.155.53 2620:111:8007::53]}+65arpa SearchDomains:[tail5ef35.ts.net.] Hosts:88}
2025/05/22 11:33:15 health(warnable=dns): error: getting OS base config is not supported
2025/05/22 11:33:15 [RATELIMIT] format("health(warnable=%s): error: %s")
2025/05/22 11:33:15 peerapi: serving on http://100.70.19.41:61854
2025/05/22 11:33:15 peerapi: serving on http://[fd7a:115c:a1e0::e401:132c]:61854
2025/05/22 11:33:15 offline auto-update: stopping update checks
2025/05/22 11:33:15 Switching ipn state Starting -> Running (WantRunning=true, nm=true)
2025/05/22 11:33:15 magicsock: endpoints changed: 79.98.166.164:1563 (stun), 79.98.166.164:29381 (stun), 10.1.79.246:51900 (local), 172.17.0.1:51900 (local)
2025/05/22 11:33:15 magicsock: derp-8 connected; connGen=1
2025/05/22 11:33:15 health(warnable=no-derp-connection): ok
2025/05/22 11:33:15 [RATELIMIT] format("health(warnable=%s): ok")
2025/05/22 11:47:31 Received error: PollNetMap: unexpected EOF
2025/05/22 11:47:31 control: controlhttp: forcing port 443 dial due to recent noise dial
2025/05/22 11:47:31 control: netmap: got new dial plan from control
2025/05/22 11:56:37 ping(100.97.131.42): sending disco ping to [sPodC] gotenks ...
2025/05/22 11:56:37 magicsock: disco: node [sPodC] d:a26586bd404deafe now using 10.9.30.25:41641 mtu=1360 tx=ac9a6161fdde
2025/05/22 11:56:40 magicsock: endpoints changed: 79.98.166.164:34769 (stun), 10.1.79.246:51900 (local), 172.17.0.1:51900 (local)
2025/05/22 11:58:53 ping(100.97.131.42): sending disco ping to [sPodC] gotenks ...
2025/05/22 13:34:56 wgengine: Reconfig: configuring userspace WireGuard config (with 0/64 peers)
2025/05/22 13:40:31 wgengine: Reconfig: [44F9D] changed from "discokey:9cefa02f71c45443f073dfaffc0ad14e119b3bdf7941c8de88003804bf1aa216" to "discokey:3c8a473b223ee3a6d9b9af2a3c7a62c6c7487b249f22ddaaa400d0e505d50357"
2025/05/22 14:55:18 wgengine: Reconfig: [rf9Fp] changed from "discokey:35f221f0349095421e015890767939fa14d6e6bf1093d1c9a78269641fd3aa5d" to "discokey:df88dd3e76eb8d8d9874311d477b7909682bade98a05224838e2554333855e71"
2025/05/22 14:55:51 wgengine: Reconfig: [M0HvW] changed from "discokey:76b9054cdc568f7457addf4f9be1f13b522a04984627523191ecec14a8f0db6c" to "discokey:14fb674f956633177a2dfad864b8561a1fa1c69a378519225b740686fe587f5c"
2025/05/22 17:16:04 wgengine: Reconfig: configuring userspace WireGuard config (with 0/64 peers)
2025/05/22 19:22:58 control: sleeping for server-requested 2.94125401s ...
2025/05/22 19:25:01 control: map response long-poll timed out!
2025/05/22 19:25:01 Received error: PollNetMap: context canceled
2025/05/22 19:27:01 control: map response long-poll timed out!
2025/05/22 19:27:01 Received error: PollNetMap: Post "https://controlplane.tailscale.com/machine/map": context canceled
2025/05/22 19:28:10 control: netmap: got new dial plan from control
2025/05/22 19:28:10 health(warnable=not-in-map-poll): ok
2025/05/22 22:05:26 Received error: PollNetMap: http2: server sent GOAWAY and closed the connection; LastStreamID=9, ErrCode=NO_ERROR, debug=""
2025/05/22 22:05:26 control: controlhttp: forcing port 443 dial due to recent noise dial
2025/05/22 22:05:37 Received error: PollNetMap: Post "https://controlplane.tailscale.com/machine/map": unexpected EOF
2025/05/22 22:05:37 control: controlhttp: forcing port 443 dial due to recent noise dial
2025/05/22 22:06:34 control: netmap: got new dial plan from control
2025/05/22 22:06:34 health(warnable=not-in-map-poll): ok
2025/05/22 23:54:38 Received error: PollNetMap: http2: server sent GOAWAY and closed the connection; LastStreamID=3, ErrCode=NO_ERROR, debug=""
2025/05/22 23:54:39 control: controlhttp: forcing port 443 dial due to recent noise dial
2025/05/22 23:54:52 control: netmap: got new dial plan from control
2025/05/22 23:54:52 health(warnable=not-in-map-poll): ok
2025/05/23 00:29:23 Received error: PollNetMap: unexpected EOF
2025/05/23 00:29:23 control: controlhttp: forcing port 443 dial due to recent noise dial
2025/05/23 00:29:24 control: netmap: got new dial plan from control
2025/05/23 00:43:58 control: sleeping for server-requested 3.986423763s ...
2025/05/23 00:46:20 control: map response long-poll timed out!
2025/05/23 00:46:20 Received error: PollNetMap: Post "https://controlplane.tailscale.com/machine/map": context canceled
2025/05/23 00:48:20 control: map response long-poll timed out!
2025/05/23 00:48:20 Received error: PollNetMap: Post "https://controlplane.tailscale.com/machine/map": context canceled
2025/05/23 00:48:59 control: netmap: got new dial plan from control
2025/05/23 00:48:59 health(warnable=not-in-map-poll): ok
2025/05/23 03:01:49 Received error: PollNetMap: unexpected EOF
2025/05/23 03:01:50 control: controlhttp: forcing port 443 dial due to recent noise dial
2025/05/23 03:02:02 control: netmap: got new dial plan from control
2025/05/23 03:02:02 health(warnable=not-in-map-poll): ok
2025/05/23 03:12:56 Received error: PollNetMap: unexpected EOF
2025/05/23 03:12:56 control: controlhttp: forcing port 443 dial due to recent noise dial
2025/05/23 03:12:56 control: netmap: got new dial plan from control
2025/05/23 08:09:54 wgengine: Reconfig: [S/IHF] changed from "discokey:d3f50e7e8bbe1c77db8b7625cddf120d3f5ce2c945af03d5f32e5b63d383051b" to "discokey:ba58300845dbee15762c465764605882dd05757cca52b0edbc1e9b5f9d625b7c"
2025/05/23 08:15:48 cert("coder-edca48e2-745f-4412-a486-0a4987884f0c-57b86dd68f-4lcr6.tail5ef35.ts.net"): registered ACME account.
2025/05/23 08:15:48 cert("coder-edca48e2-745f-4412-a486-0a4987884f0c-57b86dd68f-4lcr6.tail5ef35.ts.net"): getCertPEM: invalid domain "coder-edca48e2-745f-4412-a486-0a4987884f0c-57b86dd68f-4lcr6.tail5ef35.ts.net"; must be one of ["coder-edca48e2-745f-4412-a486-0a4987884f0c-57b86dd68f-4lcr6-1.tail5ef35.ts.net"]
2025/05/23 08:16:52 cert("coder-edca48e2-745f-4412-a486-0a4987884f0c-57b86dd68f-4lcr6-1.tail5ef35.ts.net"): already had ACME account.
2025/05/23 08:16:52 cert("coder-edca48e2-745f-4412-a486-0a4987884f0c-57b86dd68f-4lcr6-1.tail5ef35.ts.net"): starting SetDNS call...
2025/05/23 08:17:03 cert("coder-edca48e2-745f-4412-a486-0a4987884f0c-57b86dd68f-4lcr6-1.tail5ef35.ts.net"): did SetDNS
2025/05/23 08:17:04 cert("coder-edca48e2-745f-4412-a486-0a4987884f0c-57b86dd68f-4lcr6-1.tail5ef35.ts.net"): requesting cert...
2025/05/23 08:17:05 cert("coder-edca48e2-745f-4412-a486-0a4987884f0c-57b86dd68f-4lcr6-1.tail5ef35.ts.net"): got cert
